
**** Build of configuration Debug for project Master ****

/home/vens/ti/ccsv6/utils/bin/gmake -k all 
Building file: ../I2cBus.cpp
Invoking: ARM Compiler
"/home/vens/ti/ccsv6/tools/compiler/arm_5.1.6/bin/armcl" -mv7M4 --code_state=16 --float_support=FPv4SPD16 --abi=eabi -me --include_path="/home/vens/ti/ccsv6/tools/compiler/arm_5.1.6/include" -g --embedded_cpp --gcc --define=ccs="ccs" --define=PART_TM4C123GH6PZ --display_error_number --diag_warning=225 --diag_wrap=off --small_enum -mt --preproc_with_compile --preproc_dependency="I2cBus.pp"  "../I2cBus.cpp"
Finished building: ../I2cBus.cpp
 
Building file: ../main.cpp
Invoking: ARM Compiler
"/home/vens/ti/ccsv6/tools/compiler/arm_5.1.6/bin/armcl" -mv7M4 --code_state=16 --float_support=FPv4SPD16 --abi=eabi -me --include_path="/home/vens/ti/ccsv6/tools/compiler/arm_5.1.6/include" -g --embedded_cpp --gcc --define=ccs="ccs" --define=PART_TM4C123GH6PZ --display_error_number --diag_warning=225 --diag_wrap=off --small_enum -mt --preproc_with_compile --preproc_dependency="main.pp"  "../main.cpp"
Finished building: ../main.cpp
 
Building file: ../tm4c123gh6pz_startup_ccs.c
Invoking: ARM Compiler
"/home/vens/ti/ccsv6/tools/compiler/arm_5.1.6/bin/armcl" -mv7M4 --code_state=16 --float_support=FPv4SPD16 --abi=eabi -me --include_path="/home/vens/ti/ccsv6/tools/compiler/arm_5.1.6/include" -g --embedded_cpp --gcc --define=ccs="ccs" --define=PART_TM4C123GH6PZ --display_error_number --diag_warning=225 --diag_wrap=off --small_enum -mt --preproc_with_compile --preproc_dependency="tm4c123gh6pz_startup_ccs.pp"  "../tm4c123gh6pz_startup_ccs.c"
Command-line error #928: option "embedded_c++" can be used only when compiling C++
1 catastrophic error detected in this compilation.
Compilation terminated.
gmake: *** [tm4c123gh6pz_startup_ccs.obj] Error 1
gmake: Target `all' not remade because of errors.

>> Compilation failure

**** Build Finished ****
